{"C:\\Users\\Milos\\Desktop\\jschall\\1-Basics\\1-sum.js": {"path":"C:\\Users\\Milos\\Desktop\\jschall\\1-Basics\\1-sum.js","statementMap":{"0":{"start":{"line":4,"column":12},"end":{"line":4,"column":27}},"1":{"start":{"line":4,"column":22},"end":{"line":4,"column":27}},"2":{"start":{"line":6,"column":0},"end":{"line":6,"column":21}}},"fnMap":{"0":{"name":"(anonymous_0)","decl":{"start":{"line":4,"column":12},"end":{"line":4,"column":13}},"loc":{"start":{"line":4,"column":22},"end":{"line":4,"column":27}},"line":4}},"branchMap":{},"s":{"0":1,"1":3,"2":1},"f":{"0":3},"b":{},"_coverageSchema":"1a1c01bbd47fc00a2c39e90264f33305004495a9","hash":"3d127cb94d9803100886115afdada120ba4f95b0"}
}
